# JRE version: Java(TM) SE Runtime Environment (8.0_171-b11) (build 1.8.0_171-b11)
# Java VM: Java HotSpot(TM) 64-Bit Server VM (25.171-b11 mixed mode windows-amd64 compressed oops)
Heap:
 PSYoungGen      total 69632K, used 18235K [0x00000000ebb80000, 0x00000000f2d00000, 0x0000000100000000)
  eden space 60928K, 29% used [0x00000000ebb80000,0x00000000ecd4ed08,0x00000000ef700000)
  from space 8704K, 0% used [0x00000000ef700000,0x00000000ef700000,0x00000000eff80000)
  to   space 9216K, 0% used [0x00000000f2400000,0x00000000f2400000,0x00000000f2d00000)
 ParOldGen       total 45056K, used 15041K [0x00000000c3200000, 0x00000000c5e00000, 0x00000000ebb80000)
  object space 45056K, 33% used [0x00000000c3200000,0x00000000c40b0458,0x00000000c5e00000)
 Metaspace       used 21363K, capacity 22206K, committed 22272K, reserved 1069056K
  class space    used 2893K, capacity 3324K, committed 3328K, reserved 1048576K
GC Heap History (10 events):
Event: 6.997 GC heap before
{Heap before GC invocations=6 (full 0):
 PSYoungGen      total 18432K, used 18420K [0x00000000ebb80000, 0x00000000ee480000, 0x0000000100000000)
  eden space 15872K, 100% used [0x00000000ebb80000,0x00000000ecb00000,0x00000000ecb00000)
  from space 2560K, 99% used [0x00000000ecb00000,0x00000000ecd7d2f8,0x00000000ecd80000)
  to   space 5120K, 0% used [0x00000000edf80000,0x00000000edf80000,0x00000000ee480000)
 ParOldGen       total 42496K, used 6751K [0x00000000c3200000, 0x00000000c5b80000, 0x00000000ebb80000)
  object space 42496K, 15% used [0x00000000c3200000,0x00000000c3897d80,0x00000000c5b80000)
 Metaspace       used 15090K, capacity 15316K, committed 15616K, reserved 1062912K
  class space    used 1909K, capacity 1975K, committed 2048K, reserved 1048576K
Event: 7.012 GC heap after
Heap after GC invocations=6 (full 0):
 PSYoungGen      total 36352K, used 4812K [0x00000000ebb80000, 0x00000000ee580000, 0x0000000100000000)
  eden space 31232K, 0% used [0x00000000ebb80000,0x00000000ebb80000,0x00000000eda00000)
  from space 5120K, 94% used [0x00000000edf80000,0x00000000ee433340,0x00000000ee480000)
  to   space 5632K, 0% used [0x00000000eda00000,0x00000000eda00000,0x00000000edf80000)
 ParOldGen       total 42496K, used 6751K [0x00000000c3200000, 0x00000000c5b80000, 0x00000000ebb80000)
  object space 42496K, 15% used [0x00000000c3200000,0x00000000c3897d80,0x00000000c5b80000)
 Metaspace       used 15090K, capacity 15316K, committed 15616K, reserved 1062912K
  class space    used 1909K, capacity 1975K, committed 2048K, reserved 1048576K
}
Event: 8.662 GC heap before
{Heap before GC invocations=7 (full 0):
 PSYoungGen      total 36352K, used 36044K [0x00000000ebb80000, 0x00000000ee580000, 0x0000000100000000)
  eden space 31232K, 100% used [0x00000000ebb80000,0x00000000eda00000,0x00000000eda00000)
  from space 5120K, 94% used [0x00000000edf80000,0x00000000ee433340,0x00000000ee480000)
  to   space 5632K, 0% used [0x00000000eda00000,0x00000000eda00000,0x00000000edf80000)
 ParOldGen       total 42496K, used 6751K [0x00000000c3200000, 0x00000000c5b80000, 0x00000000ebb80000)
  object space 42496K, 15% used [0x00000000c3200000,0x00000000c3897d80,0x00000000c5b80000)
 Metaspace       used 16414K, capacity 16836K, committed 17152K, reserved 1064960K
  class space    used 2175K, capacity 2433K, committed 2560K, reserved 1048576K
Event: 8.681 GC heap after
Heap after GC invocations=7 (full 0):
 PSYoungGen      total 36864K, used 5600K [0x00000000ebb80000, 0x00000000f0680000, 0x0000000100000000)
  eden space 31232K, 0% used [0x00000000ebb80000,0x00000000ebb80000,0x00000000eda00000)
  from space 5632K, 99% used [0x00000000eda00000,0x00000000edf78020,0x00000000edf80000)
  to   space 7168K, 0% used [0x00000000eff80000,0x00000000eff80000,0x00000000f0680000)
 ParOldGen       total 42496K, used 9032K [0x00000000c3200000, 0x00000000c5b80000, 0x00000000ebb80000)
  object space 42496K, 21% used [0x00000000c3200000,0x00000000c3ad21a8,0x00000000c5b80000)
 Metaspace       used 16414K, capacity 16836K, committed 17152K, reserved 1064960K
  class space    used 2175K, capacity 2433K, committed 2560K, reserved 1048576K
}
Event: 11.243 GC heap before
{Heap before GC invocations=8 (full 0):
 PSYoungGen      total 36864K, used 36832K [0x00000000ebb80000, 0x00000000f0680000, 0x0000000100000000)
  eden space 31232K, 100% used [0x00000000ebb80000,0x00000000eda00000,0x00000000eda00000)
  from space 5632K, 99% used [0x00000000eda00000,0x00000000edf78020,0x00000000edf80000)
  to   space 7168K, 0% used [0x00000000eff80000,0x00000000eff80000,0x00000000f0680000)
 ParOldGen       total 42496K, used 9032K [0x00000000c3200000, 0x00000000c5b80000, 0x00000000ebb80000)
  object space 42496K, 21% used [0x00000000c3200000,0x00000000c3ad21a8,0x00000000c5b80000)
 Metaspace       used 19045K, capacity 19722K, committed 19840K, reserved 1067008K
  class space    used 2546K, capacity 2911K, committed 2944K, reserved 1048576K
Event: 11.266 GC heap after
Heap after GC invocations=8 (full 0):
 PSYoungGen      total 68096K, used 7168K [0x00000000ebb80000, 0x00000000f0980000, 0x0000000100000000)
  eden space 60928K, 0% used [0x00000000ebb80000,0x00000000ebb80000,0x00000000ef700000)
  from space 7168K, 100% used [0x00000000eff80000,0x00000000f0680000,0x00000000f0680000)
  to   space 8704K, 0% used [0x00000000ef700000,0x00000000ef700000,0x00000000eff80000)
 ParOldGen       total 42496K, used 10778K [0x00000000c3200000, 0x00000000c5b80000, 0x00000000ebb80000)
  object space 42496K, 25% used [0x00000000c3200000,0x00000000c3c86810,0x00000000c5b80000)
 Metaspace       used 19045K, capacity 19722K, committed 19840K, reserved 1067008K
  class space    used 2546K, capacity 2911K, committed 2944K, reserved 1048576K
}
Event: 13.194 GC heap before
{Heap before GC invocations=9 (full 0):
 PSYoungGen      total 68096K, used 20562K [0x00000000ebb80000, 0x00000000f0980000, 0x0000000100000000)
  eden space 60928K, 21% used [0x00000000ebb80000,0x00000000ec894948,0x00000000ef700000)
  from space 7168K, 100% used [0x00000000eff80000,0x00000000f0680000,0x00000000f0680000)
  to   space 8704K, 0% used [0x00000000ef700000,0x00000000ef700000,0x00000000eff80000)
 ParOldGen       total 42496K, used 10778K [0x00000000c3200000, 0x00000000c5b80000, 0x00000000ebb80000)
  object space 42496K, 25% used [0x00000000c3200000,0x00000000c3c86810,0x00000000c5b80000)
 Metaspace       used 20520K, capacity 21124K, committed 21296K, reserved 1067008K
  class space    used 2723K, capacity 3078K, committed 3200K, reserved 1048576K
Event: 13.219 GC heap after
Heap after GC invocations=9 (full 0):
 PSYoungGen      total 69632K, used 7311K [0x00000000ebb80000, 0x00000000f2d00000, 0x0000000100000000)
  eden space 60928K, 0% used [0x00000000ebb80000,0x00000000ebb80000,0x00000000ef700000)
  from space 8704K, 84% used [0x00000000ef700000,0x00000000efe23eb0,0x00000000eff80000)
  to   space 9216K, 0% used [0x00000000f2400000,0x00000000f2400000,0x00000000f2d00000)
 ParOldGen       total 42496K, used 12674K [0x00000000c3200000, 0x00000000c5b80000, 0x00000000ebb80000)
  object space 42496K, 29% used [0x00000000c3200000,0x00000000c3e60810,0x00000000c5b80000)
 Metaspace       used 20520K, capacity 21124K, committed 21296K, reserved 1067008K
  class space    used 2723K, capacity 3078K, committed 3200K, reserved 1048576K
}
Event: 13.219 GC heap before
{Heap before GC invocations=10 (full 1):
 PSYoungGen      total 69632K, used 7311K [0x00000000ebb80000, 0x00000000f2d00000, 0x0000000100000000)
  eden space 60928K, 0% used [0x00000000ebb80000,0x00000000ebb80000,0x00000000ef700000)
  from space 8704K, 84% used [0x00000000ef700000,0x00000000efe23eb0,0x00000000eff80000)
  to   space 9216K, 0% used [0x00000000f2400000,0x00000000f2400000,0x00000000f2d00000)
 ParOldGen       total 42496K, used 12674K [0x00000000c3200000, 0x00000000c5b80000, 0x00000000ebb80000)
  object space 42496K, 29% used [0x00000000c3200000,0x00000000c3e60810,0x00000000c5b80000)
 Metaspace       used 20520K, capacity 21124K, committed 21296K, reserved 1067008K
  class space    used 2723K, capacity 3078K, committed 3200K, reserved 1048576K
Event: 13.535 GC heap after
Heap after GC invocations=10 (full 1):
 PSYoungGen      total 69632K, used 0K [0x00000000ebb80000, 0x00000000f2d00000, 0x0000000100000000)
  eden space 60928K, 0% used [0x00000000ebb80000,0x00000000ebb80000,0x00000000ef700000)
  from space 8704K, 0% used [0x00000000ef700000,0x00000000ef700000,0x00000000eff80000)
  to   space 9216K, 0% used [0x00000000f2400000,0x00000000f2400000,0x00000000f2d00000)
 ParOldGen       total 45056K, used 15041K [0x00000000c3200000, 0x00000000c5e00000, 0x00000000ebb80000)
  object space 45056K, 33% used [0x00000000c3200000,0x00000000c40b0458,0x00000000c5e00000)
 Metaspace       used 20520K, capacity 21124K, committed 21296K, reserved 1067008K
  class space    used 2723K, capacity 3078K, committed 3200K, reserved 1048576K
}

